Arguments: 
  /usr/local/bin/node /usr/share/yarn/bin/yarn.js install

PATH: 
  /home/gherman/.local/bin:/usr/local/sbin:/usr/local/bin:/usr/sbin:/usr/bin:/sbin:/bin:/usr/games:/usr/local/games:/snap/bin

Yarn version: 
  1.22.4

Node version: 
  12.16.3

Platform: 
  linux x64

Trace: 
  Error: https://registry.yarnpkg.com/is-binary-path/-/is-binary-path-2.1.0.tgz: ETIMEDOUT
      at Timeout._onTimeout (/usr/share/yarn/lib/cli.js:141408:19)
      at listOnTimeout (internal/timers.js:549:17)
      at processTimers (internal/timers.js:492:7)

npm manifest: 
  {
    "name": "ebs-fe-junior",
    "version": "0.1.0",
    "private": true,
    "dependencies": {
      "@types/node": "^12.0.0",
      "@types/react": "^16.9.0",
      "@types/react-dom": "^16.9.0",
      "express": "^4.17.1",
      "husky": "^4.2.5",
      "prettier": "^2.0.5",
      "react": "^16.13.1",
      "react-dom": "^16.13.1",
      "react-scripts": "3.4.1",
      "typescript": "~3.7.2"
    },
    "scripts": {
      "serve:client": "react-scripts start",
      "serve:server": "node ./server"
    },
    "eslintConfig": {
      "extends": "react-app",
      "rules": {
        "react-hooks/exhaustive-deps": "off"
      }
    },
    "prettier": {
      "tabWidth": 2,
      "semi": true,
      "singleQuote": true,
      "trailingComma": "all",
      "printWidth": 120,
      "jsxBracketSameLine": false,
      "endOfLine": "lf"
    },
    "husky": {
      "hooks": {
        "pre-commit": "npx prettier --write -c .prettierrc \"src/**/*.{ts,tsx,json,css,scss}\""
      }
    },
    "browserslist": {
      "production": [
        ">0.2%",
        "not dead",
        "not op_mini all"
      ],
      "development": [
        "last 1 chrome version",
        "last 1 firefox version",
        "last 1 safari version"
      ]
    }
  }

yarn manifest: 
  No manifest

Lockfile: 
  No lockfile
